<?xml version="1.0" encoding="UTF-8"?>
<testsuite xmlns:xsi="http://www.w3.org/2001/XMLSchema-instance" xsi:noNamespaceSchemaLocation="https://maven.apache.org/surefire/maven-surefire-plugin/xsd/surefire-test-report.xsd" name="smartrics.iotics.identity.SimpleIdentityTest" time="0.026" tests="15" errors="0" skipped="0" failures="0">
  <properties>
[...]
</properties>
  <testcase name="whenConstructedWithoutSeed_thenGeneratesNewOne" classname="smartrics.iotics.identity.SimpleIdentityTest" time="0"/>
  <testcase name="whenConstructedWithOneSeed_thenUsesItForBothAgentAndUser" classname="smartrics.iotics.identity.SimpleIdentityTest" time="0"/>
  <testcase name="whenTwinDelegatesControlToAgent_thenMapsParametersAndDelegatesToApi" classname="smartrics.iotics.identity.SimpleIdentityTest" time="0"/>
  <testcase name="whenCreateUserIdentityFails_thenThrows" classname="smartrics.iotics.identity.SimpleIdentityTest" time="0.002"/>
  <testcase name="whenCreateAgentAuthToken_thenMapsParametersAndDelegatesToApi" classname="smartrics.iotics.identity.SimpleIdentityTest" time="0.003"/>
  <testcase name="whenRecreateUserIdentity_thenMapsParametersAndDelegatesToApi" classname="smartrics.iotics.identity.SimpleIdentityTest" time="0.002"/>
  <testcase name="whenUserDelegatesAuthenticationToAgent_thenMapsParametersAndDelegatesToApi" classname="smartrics.iotics.identity.SimpleIdentityTest" time="0.001"/>
  <testcase name="whenCreateAgentIdentity_thenMapsParametersAndDelegatesToApi" classname="smartrics.iotics.identity.SimpleIdentityTest" time="0.002"/>
  <testcase name="whenCreateAgentAuthToken_thenMapsParametersAndDelegatesToApiWithDefaultAudience" classname="smartrics.iotics.identity.SimpleIdentityTest" time="0.003"/>
  <testcase name="validApiConstruction" classname="smartrics.iotics.identity.SimpleIdentityTest" time="0.002"/>
  <testcase name="whenRecreateAgentIdentity_thenMapsParametersAndDelegatesToApi" classname="smartrics.iotics.identity.SimpleIdentityTest" time="0.002"/>
  <testcase name="whenConstructedWithTwoSeed_thenUsesOneForUserAndOneForAgent" classname="smartrics.iotics.identity.SimpleIdentityTest" time="0.001"/>
  <testcase name="whenIsAllowedFor_thenDelegatesToApi" classname="smartrics.iotics.identity.SimpleIdentityTest" time="0.002"/>
  <testcase name="whenCreateUserIdentity_thenMapsParametersAndDelegatesToApi" classname="smartrics.iotics.identity.SimpleIdentityTest" time="0.002"/>
  <testcase name="whenCreateTwinDidWithControlDelegation_thenMapsParametersAndDelegatesToApi" classname="smartrics.iotics.identity.SimpleIdentityTest" time="0.002"/>
</testsuite>